# JRE version: OpenJDK Runtime Environment (11.0.12+7) (build 11.0.12+7-b1504.28-7817840)
# Java VM: OpenJDK 64-Bit Server VM (11.0.12+7-b1504.28-7817840, mixed mode, tiered, compressed oops, g1 gc, windows-amd64)
Heap:
 garbage-first heap   total 315392K, used 24442K [0x0000000701400000, 0x0000000800000000)
  region size 1024K, 5 young (5120K), 5 survivors (5120K)
 Metaspace       used 44423K, capacity 44887K, committed 45176K, reserved 1089536K
  class space    used 5299K, capacity 5497K, committed 5504K, reserved 1048576K
GC Heap History (9 events):
Event: 0.977 GC heap before
{Heap before GC invocations=0 (full 0):
 garbage-first heap   total 262144K, used 25600K [0x0000000701400000, 0x0000000800000000)
  region size 1024K, 22 young (22528K), 0 survivors (0K)
 Metaspace       used 11690K, capacity 11826K, committed 11904K, reserved 1060864K
  class space    used 1079K, capacity 1109K, committed 1152K, reserved 1048576K
}
Event: 0.991 GC heap after
{Heap after GC invocations=1 (full 0):
 garbage-first heap   total 262144K, used 5576K [0x0000000701400000, 0x0000000800000000)
  region size 1024K, 3 young (3072K), 3 survivors (3072K)
 Metaspace       used 11690K, capacity 11826K, committed 11904K, reserved 1060864K
  class space    used 1079K, capacity 1109K, committed 1152K, reserved 1048576K
}
Event: 1.775 GC heap before
{Heap before GC invocations=1 (full 0):
 garbage-first heap   total 262144K, used 43464K [0x0000000701400000, 0x0000000800000000)
  region size 1024K, 41 young (41984K), 3 survivors (3072K)
 Metaspace       used 20817K, capacity 21064K, committed 21248K, reserved 1069056K
  class space    used 2202K, capacity 2282K, committed 2304K, reserved 1048576K
}
Event: 1.784 GC heap after
{Heap after GC invocations=2 (full 0):
 garbage-first heap   total 262144K, used 9210K [0x0000000701400000, 0x0000000800000000)
  region size 1024K, 6 young (6144K), 6 survivors (6144K)
 Metaspace       used 20817K, capacity 21064K, committed 21248K, reserved 1069056K
  class space    used 2202K, capacity 2282K, committed 2304K, reserved 1048576K
}
Event: 2.906 GC heap before
{Heap before GC invocations=3 (full 0):
 garbage-first heap   total 262144K, used 68602K [0x0000000701400000, 0x0000000800000000)
  region size 1024K, 59 young (60416K), 6 survivors (6144K)
 Metaspace       used 32993K, capacity 33533K, committed 33920K, reserved 1079296K
  class space    used 4168K, capacity 4385K, committed 4480K, reserved 1048576K
}
Event: 2.919 GC heap after
{Heap after GC invocations=4 (full 0):
 garbage-first heap   total 262144K, used 21191K [0x0000000701400000, 0x0000000800000000)
  region size 1024K, 8 young (8192K), 8 survivors (8192K)
 Metaspace       used 32993K, capacity 33533K, committed 33920K, reserved 1079296K
  class space    used 4168K, capacity 4385K, committed 4480K, reserved 1048576K
}
Event: 3.028 GC heap before
{Heap before GC invocations=4 (full 0):
 garbage-first heap   total 262144K, used 27335K [0x0000000701400000, 0x0000000800000000)
  region size 1024K, 15 young (15360K), 8 survivors (8192K)
 Metaspace       used 34907K, capacity 35389K, committed 35584K, reserved 1081344K
  class space    used 4382K, capacity 4577K, committed 4608K, reserved 1048576K
}
Event: 3.039 GC heap after
{Heap after GC invocations=5 (full 0):
 garbage-first heap   total 262144K, used 22626K [0x0000000701400000, 0x0000000800000000)
  region size 1024K, 2 young (2048K), 2 survivors (2048K)
 Metaspace       used 34907K, capacity 35389K, committed 35584K, reserved 1081344K
  class space    used 4382K, capacity 4577K, committed 4608K, reserved 1048576K
}
Event: 3.822 GC heap before
{Heap before GC invocations=6 (full 0):
 garbage-first heap   total 262144K, used 70754K [0x0000000701400000, 0x0000000800000000)
  region size 1024K, 49 young (50176K), 2 survivors (2048K)
 Metaspace       used 44423K, capacity 44887K, committed 45176K, reserved 1089536K
  class space    used 5299K, capacity 5497K, committed 5504K, reserved 1048576K
}

